<?xml version="1.0" encoding="UTF-8"?>
<testng-results retried="2" ignored="0" total="7" passed="3" failed="1" skipped="1">
  <reporter-output>
  </reporter-output>
  <suite started-at="2025-08-30T08:36:24 IST" name="Suite" finished-at="2025-08-30T08:36:24 IST" duration-ms="896">
    <groups>
      <group name="Sanity">
        <method signature="ApplicationTest.TestCase1()[pri:2, instance:testng.framework.concepts.ApplicationTest@35cabb2a]" name="TestCase1" class="testng.framework.concepts.ApplicationTest"/>
        <method signature="ApplicationTest.TestCase4(java.lang.String,java.lang.String,java.lang.String)[pri:-1, instance:testng.framework.concepts.ApplicationTest@35cabb2a]" name="TestCase4" class="testng.framework.concepts.ApplicationTest"/>
        <method signature="ApplicationTest.TestCase3(java.lang.String,java.lang.String)[pri:0, instance:testng.framework.concepts.ApplicationTest@35cabb2a]" name="TestCase3" class="testng.framework.concepts.ApplicationTest"/>
      </group> <!-- Sanity -->
      <group name="Regression">
        <method signature="ApplicationTest.TestCase1()[pri:2, instance:testng.framework.concepts.ApplicationTest@35cabb2a]" name="TestCase1" class="testng.framework.concepts.ApplicationTest"/>
        <method signature="ApplicationTest.TestCase2()[pri:1, instance:testng.framework.concepts.ApplicationTest@35cabb2a]" name="TestCase2" class="testng.framework.concepts.ApplicationTest"/>
        <method signature="ApplicationTest.TestCase4(java.lang.String,java.lang.String,java.lang.String)[pri:-1, instance:testng.framework.concepts.ApplicationTest@35cabb2a]" name="TestCase4" class="testng.framework.concepts.ApplicationTest"/>
      </group> <!-- Regression -->
      <group name="Smoke">
        <method signature="ApplicationTest.TestCase2()[pri:1, instance:testng.framework.concepts.ApplicationTest@35cabb2a]" name="TestCase2" class="testng.framework.concepts.ApplicationTest"/>
        <method signature="ApplicationTest.TestCase4(java.lang.String,java.lang.String,java.lang.String)[pri:-1, instance:testng.framework.concepts.ApplicationTest@35cabb2a]" name="TestCase4" class="testng.framework.concepts.ApplicationTest"/>
        <method signature="ApplicationTest.TestCase3(java.lang.String,java.lang.String)[pri:0, instance:testng.framework.concepts.ApplicationTest@35cabb2a]" name="TestCase3" class="testng.framework.concepts.ApplicationTest"/>
      </group> <!-- Smoke -->
    </groups>
    <test started-at="2025-08-30T08:36:24 IST" name="Test" finished-at="2025-08-30T08:36:24 IST" duration-ms="896">
      <class name="testng.framework.concepts.ApplicationTest">
        <test-method is-config="true" signature="startReporting()[pri:0, instance:testng.framework.concepts.ApplicationTest@35cabb2a]" started-at="2025-08-30T08:36:24 IST" name="startReporting" finished-at="2025-08-30T08:36:24 IST" duration-ms="7" status="PASS">
          <reporter-output>
          </reporter-output>
        </test-method> <!-- startReporting -->
        <test-method is-config="true" signature="launchBrowserAndApplication(java.lang.String,java.lang.String)[pri:0, instance:testng.framework.concepts.ApplicationTest@35cabb2a]" started-at="2025-08-30T08:36:24 IST" name="launchBrowserAndApplication" finished-at="2025-08-30T08:36:24 IST" duration-ms="2" status="PASS">
          <params>
            <param index="0">
              <value>
                <![CDATA[CHROME]]>
              </value>
            </param>
            <param index="1">
              <value>
                <![CDATA[WWW.ICICI.COM]]>
              </value>
            </param>
          </params>
          <reporter-output>
          </reporter-output>
        </test-method> <!-- launchBrowserAndApplication -->
        <test-method is-config="true" signature="loginIntoApplication(java.lang.String,java.lang.String)[pri:0, instance:testng.framework.concepts.ApplicationTest@35cabb2a]" started-at="2025-08-30T08:36:24 IST" name="loginIntoApplication" finished-at="2025-08-30T08:36:24 IST" depends-on-methods="testng.framework.concepts.TestNGWebCommons.launchBrowserAndApplication" duration-ms="1" status="PASS">
          <params>
            <param index="0">
              <value>
                <![CDATA[BHARATH]]>
              </value>
            </param>
            <param index="1">
              <value>
                <![CDATA[BHARATH123]]>
              </value>
            </param>
          </params>
          <reporter-output>
          </reporter-output>
        </test-method> <!-- loginIntoApplication -->
        <test-method is-config="true" signature="verifyApplicationHomePage()[pri:0, instance:testng.framework.concepts.ApplicationTest@35cabb2a]" started-at="2025-08-30T08:36:24 IST" name="verifyApplicationHomePage" finished-at="2025-08-30T08:36:24 IST" depends-on-methods="testng.framework.concepts.TestNGAppCommons.loginIntoApplication" duration-ms="0" status="PASS">
          <reporter-output>
          </reporter-output>
        </test-method> <!-- verifyApplicationHomePage -->
        <test-method signature="TestCase4(java.lang.String,java.lang.String,java.lang.String)[pri:-1, instance:testng.framework.concepts.ApplicationTest@35cabb2a]" started-at="2025-08-30T08:36:24 IST" name="TestCase4" data-provider="testdata" finished-at="2025-08-30T08:36:24 IST" duration-ms="12" status="PASS">
          <params>
            <param index="0">
              <value>
                <![CDATA[admin]]>
              </value>
            </param>
            <param index="1">
              <value>
                <![CDATA[admin@gmail.com]]>
              </value>
            </param>
            <param index="2">
              <value>
                <![CDATA[GHFDGJHF1]]>
              </value>
            </param>
          </params>
          <reporter-output>
          </reporter-output>
        </test-method> <!-- TestCase4 -->
        <test-method is-config="true" signature="logoutFromApplication()[pri:0, instance:testng.framework.concepts.ApplicationTest@35cabb2a]" started-at="2025-08-30T08:36:24 IST" name="logoutFromApplication" finished-at="2025-08-30T08:36:24 IST" duration-ms="0" status="PASS">
          <reporter-output>
          </reporter-output>
        </test-method> <!-- logoutFromApplication -->
        <test-method is-config="true" signature="closeBrowser()[pri:0, instance:testng.framework.concepts.ApplicationTest@35cabb2a]" started-at="2025-08-30T08:36:24 IST" name="closeBrowser" finished-at="2025-08-30T08:36:24 IST" depends-on-methods="logoutFromApplication" duration-ms="0" status="PASS">
          <reporter-output>
          </reporter-output>
        </test-method> <!-- closeBrowser -->
        <test-method is-config="true" signature="launchBrowserAndApplication(java.lang.String,java.lang.String)[pri:0, instance:testng.framework.concepts.ApplicationTest@35cabb2a]" started-at="2025-08-30T08:36:24 IST" name="launchBrowserAndApplication" finished-at="2025-08-30T08:36:24 IST" duration-ms="1" status="PASS">
          <params>
            <param index="0">
              <value>
                <![CDATA[CHROME]]>
              </value>
            </param>
            <param index="1">
              <value>
                <![CDATA[WWW.ICICI.COM]]>
              </value>
            </param>
          </params>
          <reporter-output>
          </reporter-output>
        </test-method> <!-- launchBrowserAndApplication -->
        <test-method is-config="true" signature="loginIntoApplication(java.lang.String,java.lang.String)[pri:0, instance:testng.framework.concepts.ApplicationTest@35cabb2a]" started-at="2025-08-30T08:36:24 IST" name="loginIntoApplication" finished-at="2025-08-30T08:36:24 IST" depends-on-methods="testng.framework.concepts.TestNGWebCommons.launchBrowserAndApplication" duration-ms="0" status="PASS">
          <params>
            <param index="0">
              <value>
                <![CDATA[BHARATH]]>
              </value>
            </param>
            <param index="1">
              <value>
                <![CDATA[BHARATH123]]>
              </value>
            </param>
          </params>
          <reporter-output>
          </reporter-output>
        </test-method> <!-- loginIntoApplication -->
        <test-method signature="TestCase3(java.lang.String,java.lang.String)[pri:0, instance:testng.framework.concepts.ApplicationTest@35cabb2a]" started-at="2025-08-30T08:36:24 IST" name="TestCase3" data-provider="testdata" finished-at="2025-08-30T08:36:24 IST" duration-ms="2" status="PASS">
          <params>
            <param index="0">
              <value>
                <![CDATA[admin]]>
              </value>
            </param>
            <param index="1">
              <value>
                <![CDATA[admin@gmail.com]]>
              </value>
            </param>
          </params>
          <reporter-output>
          </reporter-output>
        </test-method> <!-- TestCase3 -->
        <test-method is-config="true" signature="verifyApplicationHomePage()[pri:0, instance:testng.framework.concepts.ApplicationTest@35cabb2a]" started-at="2025-08-30T08:36:24 IST" name="verifyApplicationHomePage" finished-at="2025-08-30T08:36:24 IST" depends-on-methods="testng.framework.concepts.TestNGAppCommons.loginIntoApplication" duration-ms="0" status="PASS">
          <reporter-output>
          </reporter-output>
        </test-method> <!-- verifyApplicationHomePage -->
        <test-method is-config="true" signature="logoutFromApplication()[pri:0, instance:testng.framework.concepts.ApplicationTest@35cabb2a]" started-at="2025-08-30T08:36:24 IST" name="logoutFromApplication" finished-at="2025-08-30T08:36:24 IST" duration-ms="0" status="PASS">
          <reporter-output>
          </reporter-output>
        </test-method> <!-- logoutFromApplication -->
        <test-method is-config="true" signature="closeBrowser()[pri:0, instance:testng.framework.concepts.ApplicationTest@35cabb2a]" started-at="2025-08-30T08:36:24 IST" name="closeBrowser" finished-at="2025-08-30T08:36:24 IST" depends-on-methods="logoutFromApplication" duration-ms="0" status="PASS">
          <reporter-output>
          </reporter-output>
        </test-method> <!-- closeBrowser -->
        <test-method is-config="true" signature="loginIntoApplication(java.lang.String,java.lang.String)[pri:0, instance:testng.framework.concepts.ApplicationTest@35cabb2a]" started-at="2025-08-30T08:36:24 IST" name="loginIntoApplication" finished-at="2025-08-30T08:36:24 IST" depends-on-methods="testng.framework.concepts.TestNGWebCommons.launchBrowserAndApplication" duration-ms="0" status="PASS">
          <params>
            <param index="0">
              <value>
                <![CDATA[BHARATH]]>
              </value>
            </param>
            <param index="1">
              <value>
                <![CDATA[BHARATH123]]>
              </value>
            </param>
          </params>
          <reporter-output>
          </reporter-output>
        </test-method> <!-- loginIntoApplication -->
        <test-method signature="TestCase3(java.lang.String,java.lang.String)[pri:0, instance:testng.framework.concepts.ApplicationTest@35cabb2a]" started-at="2025-08-30T08:36:24 IST" name="TestCase3" data-provider="testdata" finished-at="2025-08-30T08:36:24 IST" duration-ms="3" status="PASS">
          <params>
            <param index="0">
              <value>
                <![CDATA[user]]>
              </value>
            </param>
            <param index="1">
              <value>
                <![CDATA[user@gmail.com]]>
              </value>
            </param>
          </params>
          <reporter-output>
          </reporter-output>
        </test-method> <!-- TestCase3 -->
        <test-method is-config="true" signature="launchBrowserAndApplication(java.lang.String,java.lang.String)[pri:0, instance:testng.framework.concepts.ApplicationTest@35cabb2a]" started-at="2025-08-30T08:36:24 IST" name="launchBrowserAndApplication" finished-at="2025-08-30T08:36:24 IST" duration-ms="0" status="PASS">
          <params>
            <param index="0">
              <value>
                <![CDATA[CHROME]]>
              </value>
            </param>
            <param index="1">
              <value>
                <![CDATA[WWW.ICICI.COM]]>
              </value>
            </param>
          </params>
          <reporter-output>
          </reporter-output>
        </test-method> <!-- launchBrowserAndApplication -->
        <test-method is-config="true" signature="verifyApplicationHomePage()[pri:0, instance:testng.framework.concepts.ApplicationTest@35cabb2a]" started-at="2025-08-30T08:36:24 IST" name="verifyApplicationHomePage" finished-at="2025-08-30T08:36:24 IST" depends-on-methods="testng.framework.concepts.TestNGAppCommons.loginIntoApplication" duration-ms="0" status="PASS">
          <reporter-output>
          </reporter-output>
        </test-method> <!-- verifyApplicationHomePage -->
        <test-method is-config="true" signature="logoutFromApplication()[pri:0, instance:testng.framework.concepts.ApplicationTest@35cabb2a]" started-at="2025-08-30T08:36:24 IST" name="logoutFromApplication" finished-at="2025-08-30T08:36:24 IST" duration-ms="0" status="PASS">
          <reporter-output>
          </reporter-output>
        </test-method> <!-- logoutFromApplication -->
        <test-method is-config="true" signature="closeBrowser()[pri:0, instance:testng.framework.concepts.ApplicationTest@35cabb2a]" started-at="2025-08-30T08:36:24 IST" name="closeBrowser" finished-at="2025-08-30T08:36:24 IST" depends-on-methods="logoutFromApplication" duration-ms="0" status="PASS">
          <reporter-output>
          </reporter-output>
        </test-method> <!-- closeBrowser -->
        <test-method is-config="true" signature="loginIntoApplication(java.lang.String,java.lang.String)[pri:0, instance:testng.framework.concepts.ApplicationTest@35cabb2a]" started-at="2025-08-30T08:36:24 IST" name="loginIntoApplication" finished-at="2025-08-30T08:36:24 IST" depends-on-methods="testng.framework.concepts.TestNGWebCommons.launchBrowserAndApplication" duration-ms="1" status="PASS">
          <params>
            <param index="0">
              <value>
                <![CDATA[BHARATH]]>
              </value>
            </param>
            <param index="1">
              <value>
                <![CDATA[BHARATH123]]>
              </value>
            </param>
          </params>
          <reporter-output>
          </reporter-output>
        </test-method> <!-- loginIntoApplication -->
        <test-method is-config="true" signature="launchBrowserAndApplication(java.lang.String,java.lang.String)[pri:0, instance:testng.framework.concepts.ApplicationTest@35cabb2a]" started-at="2025-08-30T08:36:24 IST" name="launchBrowserAndApplication" finished-at="2025-08-30T08:36:24 IST" duration-ms="0" status="PASS">
          <params>
            <param index="0">
              <value>
                <![CDATA[CHROME]]>
              </value>
            </param>
            <param index="1">
              <value>
                <![CDATA[WWW.ICICI.COM]]>
              </value>
            </param>
          </params>
          <reporter-output>
          </reporter-output>
        </test-method> <!-- launchBrowserAndApplication -->
        <test-method is-config="true" signature="verifyApplicationHomePage()[pri:0, instance:testng.framework.concepts.ApplicationTest@35cabb2a]" started-at="2025-08-30T08:36:24 IST" name="verifyApplicationHomePage" finished-at="2025-08-30T08:36:24 IST" depends-on-methods="testng.framework.concepts.TestNGAppCommons.loginIntoApplication" duration-ms="0" status="PASS">
          <reporter-output>
          </reporter-output>
        </test-method> <!-- verifyApplicationHomePage -->
        <test-method retried="true" signature="TestCase1()[pri:2, instance:testng.framework.concepts.ApplicationTest@35cabb2a]" started-at="2025-08-30T08:36:24 IST" name="TestCase1" finished-at="2025-08-30T08:36:24 IST" duration-ms="6" status="SKIP">
          <exception class="java.lang.AssertionError">
            <message>
              <![CDATA[Test case 1 failed]]>
            </message>
            <full-stacktrace>
              <![CDATA[java.lang.AssertionError: Test case 1 failed
at org.testng.Assert.fail(Assert.java:99)
at testng.framework.concepts.ApplicationTest.TestCase1(ApplicationTest.java:28)
at java.base/jdk.internal.reflect.DirectMethodHandleAccessor.invoke(DirectMethodHandleAccessor.java:103)
at java.base/java.lang.reflect.Method.invoke(Method.java:580)
at org.testng.internal.MethodInvocationHelper.invokeMethod(MethodInvocationHelper.java:133)
at org.testng.internal.InvokeMethodRunnable.runOne(InvokeMethodRunnable.java:45)
at org.testng.internal.InvokeMethodRunnable.call(InvokeMethodRunnable.java:73)
at org.testng.internal.InvokeMethodRunnable.call(InvokeMethodRunnable.java:11)
at java.base/java.util.concurrent.FutureTask.run(FutureTask.java:317)
at java.base/java.util.concurrent.ThreadPoolExecutor.runWorker(ThreadPoolExecutor.java:1144)
at java.base/java.util.concurrent.ThreadPoolExecutor$Worker.run(ThreadPoolExecutor.java:642)
at java.base/java.lang.Thread.run(Thread.java:1583)
]]>
            </full-stacktrace>
          </exception> <!-- java.lang.AssertionError -->
          <reporter-output>
          </reporter-output>
        </test-method> <!-- TestCase1 -->
        <test-method is-config="true" signature="launchBrowserAndApplication(java.lang.String,java.lang.String)[pri:0, instance:testng.framework.concepts.ApplicationTest@35cabb2a]" started-at="2025-08-30T08:36:24 IST" name="launchBrowserAndApplication" finished-at="2025-08-30T08:36:24 IST" duration-ms="1" status="PASS">
          <params>
            <param index="0">
              <value>
                <![CDATA[CHROME]]>
              </value>
            </param>
            <param index="1">
              <value>
                <![CDATA[WWW.ICICI.COM]]>
              </value>
            </param>
          </params>
          <reporter-output>
          </reporter-output>
        </test-method> <!-- launchBrowserAndApplication -->
        <test-method is-config="true" signature="closeBrowser()[pri:0, instance:testng.framework.concepts.ApplicationTest@35cabb2a]" started-at="2025-08-30T08:36:24 IST" name="closeBrowser" finished-at="2025-08-30T08:36:24 IST" depends-on-methods="logoutFromApplication" duration-ms="0" status="PASS">
          <reporter-output>
          </reporter-output>
        </test-method> <!-- closeBrowser -->
        <test-method is-config="true" signature="logoutFromApplication()[pri:0, instance:testng.framework.concepts.ApplicationTest@35cabb2a]" started-at="2025-08-30T08:36:24 IST" name="logoutFromApplication" finished-at="2025-08-30T08:36:24 IST" duration-ms="0" status="PASS">
          <reporter-output>
          </reporter-output>
        </test-method> <!-- logoutFromApplication -->
        <test-method retried="true" signature="TestCase1()[pri:2, instance:testng.framework.concepts.ApplicationTest@35cabb2a]" started-at="2025-08-30T08:36:24 IST" name="TestCase1" finished-at="2025-08-30T08:36:24 IST" duration-ms="2" status="SKIP">
          <exception class="java.lang.AssertionError">
            <message>
              <![CDATA[Test case 1 failed]]>
            </message>
            <full-stacktrace>
              <![CDATA[java.lang.AssertionError: Test case 1 failed
at org.testng.Assert.fail(Assert.java:99)
at testng.framework.concepts.ApplicationTest.TestCase1(ApplicationTest.java:28)
at java.base/jdk.internal.reflect.DirectMethodHandleAccessor.invoke(DirectMethodHandleAccessor.java:103)
at java.base/java.lang.reflect.Method.invoke(Method.java:580)
at org.testng.internal.MethodInvocationHelper.invokeMethod(MethodInvocationHelper.java:133)
at org.testng.internal.InvokeMethodRunnable.runOne(InvokeMethodRunnable.java:45)
at org.testng.internal.InvokeMethodRunnable.call(InvokeMethodRunnable.java:73)
at org.testng.internal.InvokeMethodRunnable.call(InvokeMethodRunnable.java:11)
at java.base/java.util.concurrent.FutureTask.run(FutureTask.java:317)
at java.base/java.util.concurrent.ThreadPoolExecutor.runWorker(ThreadPoolExecutor.java:1144)
at java.base/java.util.concurrent.ThreadPoolExecutor$Worker.run(ThreadPoolExecutor.java:642)
at java.base/java.lang.Thread.run(Thread.java:1583)
]]>
            </full-stacktrace>
          </exception> <!-- java.lang.AssertionError -->
          <reporter-output>
          </reporter-output>
        </test-method> <!-- TestCase1 -->
        <test-method is-config="true" signature="loginIntoApplication(java.lang.String,java.lang.String)[pri:0, instance:testng.framework.concepts.ApplicationTest@35cabb2a]" started-at="2025-08-30T08:36:24 IST" name="loginIntoApplication" finished-at="2025-08-30T08:36:24 IST" depends-on-methods="testng.framework.concepts.TestNGWebCommons.launchBrowserAndApplication" duration-ms="0" status="PASS">
          <params>
            <param index="0">
              <value>
                <![CDATA[BHARATH]]>
              </value>
            </param>
            <param index="1">
              <value>
                <![CDATA[BHARATH123]]>
              </value>
            </param>
          </params>
          <reporter-output>
          </reporter-output>
        </test-method> <!-- loginIntoApplication -->
        <test-method is-config="true" signature="verifyApplicationHomePage()[pri:0, instance:testng.framework.concepts.ApplicationTest@35cabb2a]" started-at="2025-08-30T08:36:24 IST" name="verifyApplicationHomePage" finished-at="2025-08-30T08:36:24 IST" depends-on-methods="testng.framework.concepts.TestNGAppCommons.loginIntoApplication" duration-ms="0" status="PASS">
          <reporter-output>
          </reporter-output>
        </test-method> <!-- verifyApplicationHomePage -->
        <test-method is-config="true" signature="logoutFromApplication()[pri:0, instance:testng.framework.concepts.ApplicationTest@35cabb2a]" started-at="2025-08-30T08:36:24 IST" name="logoutFromApplication" finished-at="2025-08-30T08:36:24 IST" duration-ms="1" status="PASS">
          <reporter-output>
          </reporter-output>
        </test-method> <!-- logoutFromApplication -->
        <test-method is-config="true" signature="launchBrowserAndApplication(java.lang.String,java.lang.String)[pri:0, instance:testng.framework.concepts.ApplicationTest@35cabb2a]" started-at="2025-08-30T08:36:24 IST" name="launchBrowserAndApplication" finished-at="2025-08-30T08:36:24 IST" duration-ms="1" status="PASS">
          <params>
            <param index="0">
              <value>
                <![CDATA[CHROME]]>
              </value>
            </param>
            <param index="1">
              <value>
                <![CDATA[WWW.ICICI.COM]]>
              </value>
            </param>
          </params>
          <reporter-output>
          </reporter-output>
        </test-method> <!-- launchBrowserAndApplication -->
        <test-method is-config="true" signature="closeBrowser()[pri:0, instance:testng.framework.concepts.ApplicationTest@35cabb2a]" started-at="2025-08-30T08:36:24 IST" name="closeBrowser" finished-at="2025-08-30T08:36:24 IST" depends-on-methods="logoutFromApplication" duration-ms="0" status="PASS">
          <reporter-output>
          </reporter-output>
        </test-method> <!-- closeBrowser -->
        <test-method is-config="true" signature="verifyApplicationHomePage()[pri:0, instance:testng.framework.concepts.ApplicationTest@35cabb2a]" started-at="2025-08-30T08:36:24 IST" name="verifyApplicationHomePage" finished-at="2025-08-30T08:36:24 IST" depends-on-methods="testng.framework.concepts.TestNGAppCommons.loginIntoApplication" duration-ms="0" status="PASS">
          <reporter-output>
          </reporter-output>
        </test-method> <!-- verifyApplicationHomePage -->
        <test-method signature="TestCase1()[pri:2, instance:testng.framework.concepts.ApplicationTest@35cabb2a]" started-at="2025-08-30T08:36:24 IST" name="TestCase1" finished-at="2025-08-30T08:36:24 IST" duration-ms="4" status="FAIL">
          <exception class="java.lang.AssertionError">
            <message>
              <![CDATA[Test case 1 failed]]>
            </message>
            <full-stacktrace>
              <![CDATA[java.lang.AssertionError: Test case 1 failed
at org.testng.Assert.fail(Assert.java:99)
at testng.framework.concepts.ApplicationTest.TestCase1(ApplicationTest.java:28)
at java.base/jdk.internal.reflect.DirectMethodHandleAccessor.invoke(DirectMethodHandleAccessor.java:103)
at java.base/java.lang.reflect.Method.invoke(Method.java:580)
at org.testng.internal.MethodInvocationHelper.invokeMethod(MethodInvocationHelper.java:133)
at org.testng.internal.InvokeMethodRunnable.runOne(InvokeMethodRunnable.java:45)
at org.testng.internal.InvokeMethodRunnable.call(InvokeMethodRunnable.java:73)
at org.testng.internal.InvokeMethodRunnable.call(InvokeMethodRunnable.java:11)
at java.base/java.util.concurrent.FutureTask.run(FutureTask.java:317)
at java.base/java.util.concurrent.ThreadPoolExecutor.runWorker(ThreadPoolExecutor.java:1144)
at java.base/java.util.concurrent.ThreadPoolExecutor$Worker.run(ThreadPoolExecutor.java:642)
at java.base/java.lang.Thread.run(Thread.java:1583)
]]>
            </full-stacktrace>
          </exception> <!-- java.lang.AssertionError -->
          <reporter-output>
          </reporter-output>
        </test-method> <!-- TestCase1 -->
        <test-method is-config="true" signature="loginIntoApplication(java.lang.String,java.lang.String)[pri:0, instance:testng.framework.concepts.ApplicationTest@35cabb2a]" started-at="2025-08-30T08:36:24 IST" name="loginIntoApplication" finished-at="2025-08-30T08:36:24 IST" depends-on-methods="testng.framework.concepts.TestNGWebCommons.launchBrowserAndApplication" duration-ms="0" status="PASS">
          <params>
            <param index="0">
              <value>
                <![CDATA[BHARATH]]>
              </value>
            </param>
            <param index="1">
              <value>
                <![CDATA[BHARATH123]]>
              </value>
            </param>
          </params>
          <reporter-output>
          </reporter-output>
        </test-method> <!-- loginIntoApplication -->
        <test-method is-config="true" signature="logoutFromApplication()[pri:0, instance:testng.framework.concepts.ApplicationTest@35cabb2a]" started-at="2025-08-30T08:36:24 IST" name="logoutFromApplication" finished-at="2025-08-30T08:36:24 IST" duration-ms="1" status="PASS">
          <reporter-output>
          </reporter-output>
        </test-method> <!-- logoutFromApplication -->
        <test-method is-config="true" signature="closeBrowser()[pri:0, instance:testng.framework.concepts.ApplicationTest@35cabb2a]" started-at="2025-08-30T08:36:24 IST" name="closeBrowser" finished-at="2025-08-30T08:36:24 IST" depends-on-methods="logoutFromApplication" duration-ms="0" status="PASS">
          <reporter-output>
          </reporter-output>
        </test-method> <!-- closeBrowser -->
        <test-method signature="TestCase2()[pri:1, instance:testng.framework.concepts.ApplicationTest@35cabb2a]" started-at="2025-08-30T08:36:24 IST" name="TestCase2" finished-at="2025-08-30T08:36:24 IST" depends-on-methods="testng.framework.concepts.ApplicationTest.TestCase1" duration-ms="0" status="SKIP">
          <exception class="java.lang.Throwable">
            <message>
              <![CDATA[Method ApplicationTest.TestCase2()[pri:1, instance:testng.framework.concepts.ApplicationTest@35cabb2a] depends on not successfully finished methods]]>
            </message>
            <full-stacktrace>
              <![CDATA[java.lang.Throwable: Method ApplicationTest.TestCase2()[pri:1, instance:testng.framework.concepts.ApplicationTest@35cabb2a] depends on not successfully finished methods
at org.testng.internal.TestInvoker.invokeTestMethods(TestInvoker.java:102)
at org.testng.internal.TestMethodWorker.invokeTestMethods(TestMethodWorker.java:146)
at org.testng.internal.TestMethodWorker.run(TestMethodWorker.java:128)
at java.base/java.util.ArrayList.forEach(ArrayList.java:1596)
at org.testng.TestRunner.privateRun(TestRunner.java:794)
at org.testng.TestRunner.run(TestRunner.java:596)
at org.testng.SuiteRunner.runTest(SuiteRunner.java:377)
at org.testng.SuiteRunner.runSequentially(SuiteRunner.java:371)
at org.testng.SuiteRunner.privateRun(SuiteRunner.java:332)
at org.testng.SuiteRunner.run(SuiteRunner.java:276)
at org.testng.SuiteRunnerWorker.runSuite(SuiteRunnerWorker.java:53)
at org.testng.SuiteRunnerWorker.run(SuiteRunnerWorker.java:96)
at org.testng.TestNG.runSuitesSequentially(TestNG.java:1212)
at org.testng.TestNG.runSuitesLocally(TestNG.java:1134)
at org.testng.TestNG.runSuites(TestNG.java:1063)
at org.testng.TestNG.run(TestNG.java:1031)
at org.testng.remote.AbstractRemoteTestNG.run(AbstractRemoteTestNG.java:115)
at org.testng.remote.RemoteTestNG.initAndRun(RemoteTestNG.java:293)
at org.testng.remote.RemoteTestNG.main(RemoteTestNG.java:91)
]]>
            </full-stacktrace>
          </exception> <!-- java.lang.Throwable -->
          <reporter-output>
          </reporter-output>
        </test-method> <!-- TestCase2 -->
        <test-method is-config="true" signature="stopReporting()[pri:0, instance:testng.framework.concepts.ApplicationTest@35cabb2a]" started-at="2025-08-30T08:36:24 IST" name="stopReporting" finished-at="2025-08-30T08:36:24 IST" duration-ms="1" status="PASS">
          <reporter-output>
          </reporter-output>
        </test-method> <!-- stopReporting -->
      </class> <!-- testng.framework.concepts.ApplicationTest -->
    </test> <!-- Test -->
  </suite> <!-- Suite -->
</testng-results>
